{"/Users/sohailshrestha/Documents/Code/personal/ds-algo/src/algo/merge-sort.ts": {"path":"/Users/sohailshrestha/Documents/Code/personal/ds-algo/src/algo/merge-sort.ts","all":false,"statementMap":{"0":{"start":{"line":1,"column":0},"end":{"line":1,"column":0}},"1":{"start":{"line":2,"column":0},"end":{"line":2,"column":61}},"2":{"start":{"line":3,"column":0},"end":{"line":3,"column":0}},"3":{"start":{"line":4,"column":0},"end":{"line":4,"column":61}},"4":{"start":{"line":5,"column":0},"end":{"line":5,"column":38}},"5":{"start":{"line":6,"column":0},"end":{"line":6,"column":3}},"6":{"start":{"line":7,"column":0},"end":{"line":7,"column":35}},"7":{"start":{"line":8,"column":0},"end":{"line":8,"column":37}},"8":{"start":{"line":9,"column":0},"end":{"line":9,"column":3}},"9":{"start":{"line":10,"column":0},"end":{"line":10,"column":38}},"10":{"start":{"line":11,"column":0},"end":{"line":11,"column":36}},"11":{"start":{"line":12,"column":0},"end":{"line":12,"column":4}},"12":{"start":{"line":13,"column":0},"end":{"line":13,"column":42}},"13":{"start":{"line":14,"column":0},"end":{"line":14,"column":33}},"14":{"start":{"line":15,"column":0},"end":{"line":15,"column":29}},"15":{"start":{"line":16,"column":0},"end":{"line":16,"column":31}},"16":{"start":{"line":17,"column":0},"end":{"line":17,"column":17}},"17":{"start":{"line":18,"column":0},"end":{"line":18,"column":31}},"18":{"start":{"line":19,"column":0},"end":{"line":19,"column":9}},"19":{"start":{"line":20,"column":0},"end":{"line":20,"column":5}},"20":{"start":{"line":21,"column":0},"end":{"line":21,"column":59}},"21":{"start":{"line":22,"column":0},"end":{"line":22,"column":0}},"22":{"start":{"line":23,"column":0},"end":{"line":23,"column":1}},"23":{"start":{"line":24,"column":0},"end":{"line":24,"column":0}},"24":{"start":{"line":25,"column":0},"end":{"line":25,"column":21}}},"s":{"0":1,"1":1,"2":1,"3":1,"4":17,"5":7,"6":7,"7":7,"8":7,"9":7,"10":7,"11":7,"12":17,"13":24,"14":24,"15":20,"16":24,"17":4,"18":4,"19":24,"20":7,"21":7,"22":7,"23":1,"24":1},"branchMap":{"0":{"type":"branch","line":4,"loc":{"start":{"line":4,"column":34},"end":{"line":23,"column":1}},"locations":[{"start":{"line":4,"column":34},"end":{"line":23,"column":1}}]},"1":{"type":"branch","line":5,"loc":{"start":{"line":5,"column":26},"end":{"line":5,"column":38}},"locations":[{"start":{"line":5,"column":26},"end":{"line":5,"column":38}}]},"2":{"type":"branch","line":6,"loc":{"start":{"line":6,"column":-1},"end":{"line":13,"column":41}},"locations":[{"start":{"line":6,"column":-1},"end":{"line":13,"column":41}}]},"3":{"type":"branch","line":13,"loc":{"start":{"line":13,"column":41},"end":{"line":20,"column":5}},"locations":[{"start":{"line":13,"column":41},"end":{"line":20,"column":5}}]},"4":{"type":"branch","line":15,"loc":{"start":{"line":15,"column":28},"end":{"line":17,"column":9}},"locations":[{"start":{"line":15,"column":28},"end":{"line":17,"column":9}}]},"5":{"type":"branch","line":17,"loc":{"start":{"line":17,"column":9},"end":{"line":19,"column":9}},"locations":[{"start":{"line":17,"column":9},"end":{"line":19,"column":9}}]},"6":{"type":"branch","line":21,"loc":{"start":{"line":21,"column":-1},"end":{"line":23,"column":1}},"locations":[{"start":{"line":21,"column":-1},"end":{"line":23,"column":1}}]}},"b":{"0":[17],"1":[10],"2":[7],"3":[24],"4":[20],"5":[4],"6":[7]},"fnMap":{"0":{"name":"mergeSort","decl":{"start":{"line":4,"column":34},"end":{"line":23,"column":1}},"loc":{"start":{"line":4,"column":34},"end":{"line":23,"column":1}},"line":4}},"f":{"0":17}}
,"/Users/sohailshrestha/Documents/Code/personal/ds-algo/src/algo/quick-sort.ts": {"path":"/Users/sohailshrestha/Documents/Code/personal/ds-algo/src/algo/quick-sort.ts","all":false,"statementMap":{"0":{"start":{"line":1,"column":0},"end":{"line":1,"column":40}},"1":{"start":{"line":2,"column":0},"end":{"line":2,"column":0}},"2":{"start":{"line":3,"column":0},"end":{"line":3,"column":60}},"3":{"start":{"line":4,"column":0},"end":{"line":4,"column":38}},"4":{"start":{"line":5,"column":0},"end":{"line":5,"column":0}},"5":{"start":{"line":6,"column":0},"end":{"line":6,"column":24}},"6":{"start":{"line":7,"column":0},"end":{"line":7,"column":39}},"7":{"start":{"line":8,"column":0},"end":{"line":8,"column":0}},"8":{"start":{"line":9,"column":0},"end":{"line":9,"column":44}},"9":{"start":{"line":10,"column":0},"end":{"line":10,"column":29}},"10":{"start":{"line":11,"column":0},"end":{"line":11,"column":24}},"11":{"start":{"line":12,"column":0},"end":{"line":12,"column":39}},"12":{"start":{"line":13,"column":0},"end":{"line":13,"column":10}},"13":{"start":{"line":14,"column":0},"end":{"line":14,"column":5}},"14":{"start":{"line":15,"column":0},"end":{"line":15,"column":4}},"15":{"start":{"line":16,"column":0},"end":{"line":16,"column":57}},"16":{"start":{"line":17,"column":0},"end":{"line":17,"column":71}},"17":{"start":{"line":18,"column":0},"end":{"line":18,"column":0}},"18":{"start":{"line":19,"column":0},"end":{"line":19,"column":38}},"19":{"start":{"line":20,"column":0},"end":{"line":20,"column":1}},"20":{"start":{"line":21,"column":0},"end":{"line":21,"column":0}},"21":{"start":{"line":22,"column":0},"end":{"line":22,"column":21}}},"s":{"0":1,"1":1,"2":1,"3":17,"4":7,"5":7,"6":7,"7":7,"8":17,"9":24,"10":21,"11":21,"12":24,"13":24,"14":7,"15":7,"16":7,"17":7,"18":7,"19":7,"20":1,"21":1},"branchMap":{"0":{"type":"branch","line":3,"loc":{"start":{"line":3,"column":18},"end":{"line":20,"column":1}},"locations":[{"start":{"line":3,"column":18},"end":{"line":20,"column":1}}]},"1":{"type":"branch","line":4,"loc":{"start":{"line":4,"column":25},"end":{"line":4,"column":38}},"locations":[{"start":{"line":4,"column":25},"end":{"line":4,"column":38}}]},"2":{"type":"branch","line":5,"loc":{"start":{"line":5,"column":-1},"end":{"line":9,"column":43}},"locations":[{"start":{"line":5,"column":-1},"end":{"line":9,"column":43}}]},"3":{"type":"branch","line":9,"loc":{"start":{"line":9,"column":43},"end":{"line":14,"column":5}},"locations":[{"start":{"line":9,"column":43},"end":{"line":14,"column":5}}]},"4":{"type":"branch","line":10,"loc":{"start":{"line":10,"column":28},"end":{"line":13,"column":9}},"locations":[{"start":{"line":10,"column":28},"end":{"line":13,"column":9}}]},"5":{"type":"branch","line":15,"loc":{"start":{"line":15,"column":-1},"end":{"line":20,"column":1}},"locations":[{"start":{"line":15,"column":-1},"end":{"line":20,"column":1}}]}},"b":{"0":[17],"1":[10],"2":[7],"3":[24],"4":[21],"5":[7]},"fnMap":{"0":{"name":"quickSort","decl":{"start":{"line":3,"column":18},"end":{"line":20,"column":1}},"loc":{"start":{"line":3,"column":18},"end":{"line":20,"column":1}},"line":3}},"f":{"0":17}}
,"/Users/sohailshrestha/Documents/Code/personal/ds-algo/src/data-structure/queue.ts": {"path":"/Users/sohailshrestha/Documents/Code/personal/ds-algo/src/data-structure/queue.ts","all":false,"statementMap":{"0":{"start":{"line":1,"column":0},"end":{"line":1,"column":38}},"1":{"start":{"line":2,"column":0},"end":{"line":2,"column":0}},"2":{"start":{"line":3,"column":0},"end":{"line":3,"column":66}},"3":{"start":{"line":4,"column":0},"end":{"line":4,"column":30}},"4":{"start":{"line":5,"column":0},"end":{"line":5,"column":6}},"5":{"start":{"line":6,"column":0},"end":{"line":6,"column":34}},"6":{"start":{"line":7,"column":0},"end":{"line":7,"column":0}},"7":{"start":{"line":8,"column":0},"end":{"line":8,"column":37}},"8":{"start":{"line":9,"column":0},"end":{"line":9,"column":35}},"9":{"start":{"line":10,"column":0},"end":{"line":10,"column":4}},"10":{"start":{"line":11,"column":0},"end":{"line":11,"column":0}},"11":{"start":{"line":12,"column":0},"end":{"line":12,"column":35}},"12":{"start":{"line":13,"column":0},"end":{"line":13,"column":21}},"13":{"start":{"line":14,"column":0},"end":{"line":14,"column":4}},"14":{"start":{"line":15,"column":0},"end":{"line":15,"column":0}},"15":{"start":{"line":16,"column":0},"end":{"line":16,"column":36}},"16":{"start":{"line":17,"column":0},"end":{"line":17,"column":25}},"17":{"start":{"line":18,"column":0},"end":{"line":18,"column":4}},"18":{"start":{"line":19,"column":0},"end":{"line":19,"column":0}},"19":{"start":{"line":20,"column":0},"end":{"line":20,"column":10}},"20":{"start":{"line":21,"column":0},"end":{"line":21,"column":10}},"21":{"start":{"line":22,"column":0},"end":{"line":22,"column":9}},"22":{"start":{"line":23,"column":0},"end":{"line":23,"column":9}},"23":{"start":{"line":24,"column":0},"end":{"line":24,"column":8}},"24":{"start":{"line":25,"column":0},"end":{"line":25,"column":4}},"25":{"start":{"line":26,"column":0},"end":{"line":26,"column":2}},"26":{"start":{"line":27,"column":0},"end":{"line":27,"column":0}},"27":{"start":{"line":28,"column":0},"end":{"line":28,"column":17}}},"s":{"0":1,"1":1,"2":1,"3":10,"4":10,"5":10,"6":10,"7":10,"8":6,"9":10,"10":10,"11":10,"12":5,"13":10,"14":10,"15":10,"16":8,"17":10,"18":10,"19":10,"20":10,"21":10,"22":10,"23":10,"24":10,"25":10,"26":1,"27":1},"branchMap":{"0":{"type":"branch","line":3,"loc":{"start":{"line":3,"column":62},"end":{"line":26,"column":2}},"locations":[{"start":{"line":3,"column":62},"end":{"line":26,"column":2}}]},"1":{"type":"branch","line":8,"loc":{"start":{"line":8,"column":15},"end":{"line":10,"column":3}},"locations":[{"start":{"line":8,"column":15},"end":{"line":10,"column":3}}]},"2":{"type":"branch","line":12,"loc":{"start":{"line":12,"column":15},"end":{"line":14,"column":3}},"locations":[{"start":{"line":12,"column":15},"end":{"line":14,"column":3}}]},"3":{"type":"branch","line":16,"loc":{"start":{"line":16,"column":14},"end":{"line":18,"column":3}},"locations":[{"start":{"line":16,"column":14},"end":{"line":18,"column":3}}]}},"b":{"0":[10],"1":[6],"2":[5],"3":[8]},"fnMap":{"0":{"name":"Queue","decl":{"start":{"line":3,"column":62},"end":{"line":26,"column":2}},"loc":{"start":{"line":3,"column":62},"end":{"line":26,"column":2}},"line":3},"1":{"name":"peek","decl":{"start":{"line":8,"column":15},"end":{"line":10,"column":3}},"loc":{"start":{"line":8,"column":15},"end":{"line":10,"column":3}},"line":8},"2":{"name":"push","decl":{"start":{"line":12,"column":15},"end":{"line":14,"column":3}},"loc":{"start":{"line":12,"column":15},"end":{"line":14,"column":3}},"line":12},"3":{"name":"pop","decl":{"start":{"line":16,"column":14},"end":{"line":18,"column":3}},"loc":{"start":{"line":16,"column":14},"end":{"line":18,"column":3}},"line":16}},"f":{"0":10,"1":6,"2":5,"3":8}}
,"/Users/sohailshrestha/Documents/Code/personal/ds-algo/src/leetcode/125-valid-palindrome.ts": {"path":"/Users/sohailshrestha/Documents/Code/personal/ds-algo/src/leetcode/125-valid-palindrome.ts","all":false,"statementMap":{"0":{"start":{"line":1,"column":0},"end":{"line":1,"column":2}},"1":{"start":{"line":2,"column":0},"end":{"line":2,"column":100}},"2":{"start":{"line":3,"column":0},"end":{"line":3,"column":2}},"3":{"start":{"line":4,"column":0},"end":{"line":4,"column":0}},"4":{"start":{"line":5,"column":0},"end":{"line":5,"column":43}},"5":{"start":{"line":6,"column":0},"end":{"line":6,"column":59}},"6":{"start":{"line":7,"column":0},"end":{"line":7,"column":14}},"7":{"start":{"line":8,"column":0},"end":{"line":8,"column":37}},"8":{"start":{"line":9,"column":0},"end":{"line":9,"column":0}},"9":{"start":{"line":10,"column":0},"end":{"line":10,"column":19}},"10":{"start":{"line":11,"column":0},"end":{"line":11,"column":60}},"11":{"start":{"line":12,"column":0},"end":{"line":12,"column":60}},"12":{"start":{"line":13,"column":0},"end":{"line":13,"column":30}},"13":{"start":{"line":14,"column":0},"end":{"line":14,"column":81}},"14":{"start":{"line":15,"column":0},"end":{"line":15,"column":29}},"15":{"start":{"line":16,"column":0},"end":{"line":16,"column":13}},"16":{"start":{"line":17,"column":0},"end":{"line":17,"column":12}},"17":{"start":{"line":18,"column":0},"end":{"line":18,"column":17}},"18":{"start":{"line":19,"column":0},"end":{"line":19,"column":5}},"19":{"start":{"line":20,"column":0},"end":{"line":20,"column":15}},"20":{"start":{"line":21,"column":0},"end":{"line":21,"column":2}},"21":{"start":{"line":22,"column":0},"end":{"line":22,"column":0}},"22":{"start":{"line":23,"column":0},"end":{"line":23,"column":39}},"23":{"start":{"line":24,"column":0},"end":{"line":24,"column":70}},"24":{"start":{"line":25,"column":0},"end":{"line":25,"column":1}},"25":{"start":{"line":26,"column":0},"end":{"line":26,"column":0}},"26":{"start":{"line":27,"column":0},"end":{"line":27,"column":0}},"27":{"start":{"line":28,"column":0},"end":{"line":28,"column":0}},"28":{"start":{"line":29,"column":0},"end":{"line":29,"column":0}},"29":{"start":{"line":30,"column":0},"end":{"line":30,"column":0}},"30":{"start":{"line":31,"column":0},"end":{"line":31,"column":24}}},"s":{"0":1,"1":1,"2":1,"3":1,"4":6,"5":6,"6":6,"7":6,"8":6,"9":6,"10":20,"11":20,"12":20,"13":2,"14":2,"15":2,"16":18,"17":18,"18":18,"19":4,"20":4,"21":1,"22":0,"23":0,"24":0,"25":1,"26":1,"27":1,"28":1,"29":1,"30":1},"branchMap":{"0":{"type":"branch","line":5,"loc":{"start":{"line":5,"column":0},"end":{"line":21,"column":2}},"locations":[{"start":{"line":5,"column":0},"end":{"line":21,"column":2}}]},"1":{"type":"branch","line":10,"loc":{"start":{"line":10,"column":18},"end":{"line":19,"column":5}},"locations":[{"start":{"line":10,"column":18},"end":{"line":19,"column":5}}]},"2":{"type":"branch","line":13,"loc":{"start":{"line":13,"column":29},"end":{"line":16,"column":13}},"locations":[{"start":{"line":13,"column":29},"end":{"line":16,"column":13}}]},"3":{"type":"branch","line":17,"loc":{"start":{"line":17,"column":-1},"end":{"line":19,"column":5}},"locations":[{"start":{"line":17,"column":-1},"end":{"line":19,"column":5}}]},"4":{"type":"branch","line":20,"loc":{"start":{"line":20,"column":-1},"end":{"line":21,"column":2}},"locations":[{"start":{"line":20,"column":-1},"end":{"line":21,"column":2}}]}},"b":{"0":[6],"1":[20],"2":[2],"3":[18],"4":[4]},"fnMap":{"0":{"name":"isPalindrome","decl":{"start":{"line":5,"column":0},"end":{"line":21,"column":2}},"loc":{"start":{"line":5,"column":0},"end":{"line":21,"column":2}},"line":5},"1":{"name":"isAlphanumeric","decl":{"start":{"line":23,"column":0},"end":{"line":25,"column":1}},"loc":{"start":{"line":23,"column":0},"end":{"line":25,"column":1}},"line":23}},"f":{"0":6,"1":0}}
,"/Users/sohailshrestha/Documents/Code/personal/ds-algo/src/leetcode/88-merge-sorted-arrays.ts": {"path":"/Users/sohailshrestha/Documents/Code/personal/ds-algo/src/leetcode/88-merge-sorted-arrays.ts","all":false,"statementMap":{"0":{"start":{"line":1,"column":0},"end":{"line":1,"column":3}},"1":{"start":{"line":2,"column":0},"end":{"line":2,"column":111}},"2":{"start":{"line":3,"column":0},"end":{"line":3,"column":55}},"3":{"start":{"line":4,"column":0},"end":{"line":4,"column":0}},"4":{"start":{"line":5,"column":0},"end":{"line":5,"column":3}},"5":{"start":{"line":6,"column":0},"end":{"line":6,"column":0}},"6":{"start":{"line":7,"column":0},"end":{"line":7,"column":79}},"7":{"start":{"line":8,"column":0},"end":{"line":8,"column":25}},"8":{"start":{"line":9,"column":0},"end":{"line":9,"column":42}},"9":{"start":{"line":10,"column":0},"end":{"line":10,"column":28}},"10":{"start":{"line":11,"column":0},"end":{"line":11,"column":42}},"11":{"start":{"line":12,"column":0},"end":{"line":12,"column":9}},"12":{"start":{"line":13,"column":0},"end":{"line":13,"column":22}},"13":{"start":{"line":14,"column":0},"end":{"line":14,"column":5}},"14":{"start":{"line":15,"column":0},"end":{"line":15,"column":28}},"15":{"start":{"line":16,"column":0},"end":{"line":16,"column":3}},"16":{"start":{"line":17,"column":0},"end":{"line":17,"column":0}},"17":{"start":{"line":18,"column":0},"end":{"line":18,"column":39}}},"s":{"0":1,"1":1,"2":1,"3":1,"4":1,"5":1,"6":1,"7":4,"8":4,"9":103,"10":103,"11":103,"12":103,"13":103,"14":4,"15":4,"16":1,"17":1},"branchMap":{"0":{"type":"branch","line":7,"loc":{"start":{"line":7,"column":1},"end":{"line":16,"column":3}},"locations":[{"start":{"line":7,"column":1},"end":{"line":16,"column":3}}]},"1":{"type":"branch","line":9,"loc":{"start":{"line":9,"column":41},"end":{"line":14,"column":5}},"locations":[{"start":{"line":9,"column":41},"end":{"line":14,"column":5}}]},"2":{"type":"branch","line":15,"loc":{"start":{"line":15,"column":15},"end":{"line":15,"column":27}},"locations":[{"start":{"line":15,"column":15},"end":{"line":15,"column":27}}]}},"b":{"0":[4],"1":[103],"2":[315]},"fnMap":{"0":{"name":"merge","decl":{"start":{"line":7,"column":1},"end":{"line":16,"column":3}},"loc":{"start":{"line":7,"column":1},"end":{"line":16,"column":3}},"line":7}},"f":{"0":4}}
,"/Users/sohailshrestha/Documents/Code/personal/ds-algo/src/utils/array-swap.ts": {"path":"/Users/sohailshrestha/Documents/Code/personal/ds-algo/src/utils/array-swap.ts","all":false,"statementMap":{"0":{"start":{"line":1,"column":0},"end":{"line":1,"column":66}},"1":{"start":{"line":2,"column":0},"end":{"line":2,"column":0}},"2":{"start":{"line":3,"column":0},"end":{"line":3,"column":64}},"3":{"start":{"line":4,"column":0},"end":{"line":4,"column":79}},"4":{"start":{"line":5,"column":0},"end":{"line":5,"column":88}},"5":{"start":{"line":6,"column":0},"end":{"line":6,"column":1}},"6":{"start":{"line":7,"column":0},"end":{"line":7,"column":0}},"7":{"start":{"line":8,"column":0},"end":{"line":8,"column":66}},"8":{"start":{"line":9,"column":0},"end":{"line":9,"column":26}},"9":{"start":{"line":10,"column":0},"end":{"line":10,"column":26}},"10":{"start":{"line":11,"column":0},"end":{"line":11,"column":24}},"11":{"start":{"line":12,"column":0},"end":{"line":12,"column":20}},"12":{"start":{"line":13,"column":0},"end":{"line":13,"column":17}},"13":{"start":{"line":14,"column":0},"end":{"line":14,"column":1}},"14":{"start":{"line":15,"column":0},"end":{"line":15,"column":0}},"15":{"start":{"line":16,"column":0},"end":{"line":16,"column":15}}},"s":{"0":1,"1":1,"2":1,"3":25,"4":25,"5":25,"6":1,"7":1,"8":25,"9":25,"10":25,"11":25,"12":25,"13":25,"14":1,"15":1},"branchMap":{"0":{"type":"branch","line":3,"loc":{"start":{"line":3,"column":17},"end":{"line":6,"column":1}},"locations":[{"start":{"line":3,"column":17},"end":{"line":6,"column":1}}]},"1":{"type":"branch","line":4,"loc":{"start":{"line":4,"column":24},"end":{"line":4,"column":79}},"locations":[{"start":{"line":4,"column":24},"end":{"line":4,"column":79}}]},"2":{"type":"branch","line":5,"loc":{"start":{"line":5,"column":-1},"end":{"line":5,"column":43}},"locations":[{"start":{"line":5,"column":-1},"end":{"line":5,"column":43}}]},"3":{"type":"branch","line":5,"loc":{"start":{"line":5,"column":45},"end":{"line":5,"column":88}},"locations":[{"start":{"line":5,"column":45},"end":{"line":5,"column":88}}]},"4":{"type":"branch","line":8,"loc":{"start":{"line":8,"column":19},"end":{"line":14,"column":1}},"locations":[{"start":{"line":8,"column":19},"end":{"line":14,"column":1}}]}},"b":{"0":[25],"1":[1],"2":[24],"3":[1],"4":[25]},"fnMap":{"0":{"name":"validate","decl":{"start":{"line":3,"column":17},"end":{"line":6,"column":1}},"loc":{"start":{"line":3,"column":17},"end":{"line":6,"column":1}},"line":3},"1":{"name":"swap","decl":{"start":{"line":8,"column":19},"end":{"line":14,"column":1}},"loc":{"start":{"line":8,"column":19},"end":{"line":14,"column":1}},"line":8}},"f":{"0":25,"1":25}}
}
