TN:
SF:src/algo/merge-sort.ts
FN:4,mergeSort
FNF:1
FNH:1
FNDA:11,mergeSort
DA:1,1
DA:2,1
DA:3,1
DA:4,1
DA:5,11
DA:6,4
DA:7,4
DA:8,4
DA:9,4
DA:10,4
DA:11,4
DA:12,4
DA:13,11
DA:14,10
DA:15,10
DA:16,8
DA:17,10
DA:18,2
DA:19,2
DA:20,10
DA:21,4
DA:22,4
DA:23,4
DA:24,1
DA:25,1
LF:25
LH:25
BRDA:4,0,0,11
BRDA:5,1,0,7
BRDA:6,2,0,4
BRDA:13,3,0,10
BRDA:15,4,0,8
BRDA:17,5,0,2
BRDA:21,6,0,4
BRF:7
BRH:7
end_of_record
TN:
SF:src/data-structure/queue.ts
FN:3,Queue
FN:8,peek
FN:12,push
FN:16,pop
FNF:4
FNH:4
FNDA:10,Queue
FNDA:6,peek
FNDA:5,push
FNDA:8,pop
DA:1,1
DA:2,1
DA:3,1
DA:4,10
DA:5,10
DA:6,10
DA:7,10
DA:8,10
DA:9,6
DA:10,10
DA:11,10
DA:12,10
DA:13,5
DA:14,10
DA:15,10
DA:16,10
DA:17,8
DA:18,10
DA:19,10
DA:20,10
DA:21,10
DA:22,10
DA:23,10
DA:24,10
DA:25,10
DA:26,10
DA:27,1
DA:28,1
LF:28
LH:28
BRDA:3,0,0,10
BRDA:8,1,0,6
BRDA:12,2,0,5
BRDA:16,3,0,8
BRF:4
BRH:4
end_of_record
TN:
SF:src/utils/array-swap.ts
FN:3,validate
FN:8,swap
FNF:2
FNH:2
FNDA:3,validate
FNDA:3,swap
DA:1,1
DA:2,1
DA:3,1
DA:4,3
DA:5,3
DA:6,3
DA:7,1
DA:8,1
DA:9,3
DA:10,3
DA:11,3
DA:12,3
DA:13,3
DA:14,3
DA:15,1
DA:16,1
LF:16
LH:16
BRDA:3,0,0,3
BRDA:4,1,0,1
BRDA:5,2,0,2
BRDA:5,3,0,1
BRDA:8,4,0,3
BRF:5
BRH:5
end_of_record
