TN:
SF:src/algo/merge-sort.ts
FN:4,mergeSort
FNF:1
FNH:1
FNDA:17,mergeSort
DA:1,1
DA:2,1
DA:3,1
DA:4,1
DA:5,17
DA:6,7
DA:7,7
DA:8,7
DA:9,7
DA:10,7
DA:11,7
DA:12,7
DA:13,17
DA:14,24
DA:15,24
DA:16,20
DA:17,24
DA:18,4
DA:19,4
DA:20,24
DA:21,7
DA:22,7
DA:23,7
DA:24,1
DA:25,1
LF:25
LH:25
BRDA:4,0,0,17
BRDA:5,1,0,10
BRDA:6,2,0,7
BRDA:13,3,0,24
BRDA:15,4,0,20
BRDA:17,5,0,4
BRDA:21,6,0,7
BRF:7
BRH:7
end_of_record
TN:
SF:src/algo/quick-sort.ts
FN:3,quickSort
FNF:1
FNH:1
FNDA:17,quickSort
DA:1,1
DA:2,1
DA:3,1
DA:4,17
DA:5,7
DA:6,7
DA:7,7
DA:8,7
DA:9,17
DA:10,24
DA:11,21
DA:12,21
DA:13,24
DA:14,24
DA:15,7
DA:16,7
DA:17,7
DA:18,7
DA:19,7
DA:20,7
DA:21,1
DA:22,1
LF:22
LH:22
BRDA:3,0,0,17
BRDA:4,1,0,10
BRDA:5,2,0,7
BRDA:9,3,0,24
BRDA:10,4,0,21
BRDA:15,5,0,7
BRF:6
BRH:6
end_of_record
TN:
SF:src/data-structure/queue.ts
FN:3,Queue
FN:8,peek
FN:12,push
FN:16,pop
FNF:4
FNH:4
FNDA:10,Queue
FNDA:6,peek
FNDA:5,push
FNDA:8,pop
DA:1,1
DA:2,1
DA:3,1
DA:4,10
DA:5,10
DA:6,10
DA:7,10
DA:8,10
DA:9,6
DA:10,10
DA:11,10
DA:12,10
DA:13,5
DA:14,10
DA:15,10
DA:16,10
DA:17,8
DA:18,10
DA:19,10
DA:20,10
DA:21,10
DA:22,10
DA:23,10
DA:24,10
DA:25,10
DA:26,10
DA:27,1
DA:28,1
LF:28
LH:28
BRDA:3,0,0,10
BRDA:8,1,0,6
BRDA:12,2,0,5
BRDA:16,3,0,8
BRF:4
BRH:4
end_of_record
TN:
SF:src/leetcode/125-valid-palindrome.ts
FN:5,isPalindrome
FN:23,isAlphanumeric
FNF:2
FNH:1
FNDA:6,isPalindrome
FNDA:0,isAlphanumeric
DA:1,1
DA:2,1
DA:3,1
DA:4,1
DA:5,6
DA:6,6
DA:7,6
DA:8,6
DA:9,6
DA:10,6
DA:11,20
DA:12,20
DA:13,20
DA:14,2
DA:15,2
DA:16,2
DA:17,18
DA:18,18
DA:19,18
DA:20,4
DA:21,4
DA:22,1
DA:23,0
DA:24,0
DA:25,0
DA:26,1
DA:27,1
DA:28,1
DA:29,1
DA:30,1
DA:31,1
LF:31
LH:28
BRDA:5,0,0,6
BRDA:10,1,0,20
BRDA:13,2,0,2
BRDA:17,3,0,18
BRDA:20,4,0,4
BRF:5
BRH:5
end_of_record
TN:
SF:src/leetcode/88-merge-sorted-arrays.ts
FN:7,merge
FNF:1
FNH:1
FNDA:4,merge
DA:1,1
DA:2,1
DA:3,1
DA:4,1
DA:5,1
DA:6,1
DA:7,1
DA:8,4
DA:9,4
DA:10,103
DA:11,103
DA:12,103
DA:13,103
DA:14,103
DA:15,4
DA:16,4
DA:17,1
DA:18,1
LF:18
LH:18
BRDA:7,0,0,4
BRDA:9,1,0,103
BRDA:15,2,0,315
BRF:3
BRH:3
end_of_record
TN:
SF:src/utils/array-swap.ts
FN:3,validate
FN:8,swap
FNF:2
FNH:2
FNDA:25,validate
FNDA:25,swap
DA:1,1
DA:2,1
DA:3,1
DA:4,25
DA:5,25
DA:6,25
DA:7,1
DA:8,1
DA:9,25
DA:10,25
DA:11,25
DA:12,25
DA:13,25
DA:14,25
DA:15,1
DA:16,1
LF:16
LH:16
BRDA:3,0,0,25
BRDA:4,1,0,1
BRDA:5,2,0,24
BRDA:5,3,0,1
BRDA:8,4,0,25
BRF:5
BRH:5
end_of_record
